13044
19276
8738
13031
11240
22167
17997
16280
12174
17610
15653
15438
18151
15649
7574
14124
20640
21304
12930
17184
14271
9624
6554
12372
19084
9585
15577
9797
9643
8167
17527
20962
8955
16814
8538
10596
11789
13914
13552
19049
17496
16803
9301
9374
16372
22754
19398
6983
20588
3427
10311
8227
13567
13763
15366
10635
9132
15832
11527
9123
5467
14347
12342
15148
6487
12743
15945
13417
16415
11031
10076
16298
16126
12504
15723
17074
16586
13727
18625
15249
13573
18163
14185
15374
13567
12848
17369
7154
4793
18970
14108
7691
15830
5045
10081
12669
5517
11588
11567
7935
14154
14298
14614
3525
17832
17011
13481
14082
12983
16852
15026
16406
8834
13225
19148
15416
20511
6230
11543
12207
15429
14417
17252
12285
15727
9211
10296
9007
11435
15050
9640
19493
13615
13077
14002
15926
6578
11116
14883
11478
16264
19818
13419
6953
10262
12077
21426
13282
9424
13565
19157
7998
9300
7484
15021
10756
15409
13966
15191
13054
12138
9462
13467
13594
11423
22773
15774
26122
10172
21502
12609
9478
9114
15627
16592
15080
15246
8544
16010
12660
14545
14467
14891
12075
10532
9603
11579
9312
16287
10317
12575
12070
11654
15162
13285
11106
16802
10944
14518
18739
8279
20374
23332
11511
17745
13047
12815
14785
9760
14505
10245
8066
13283
12305
10980
13138
16637
19426
13538
15554
15082
10100
18116
10496
14618
11949
7675
16949
15754
18541
18000
7886
17164
10422
8402
14300
11890
13957
10908
18524
19753
15189
20600
17916
16718
4165
10462
13916
11390
14472
10384
13749
13724
13083
7704
8345
14187
9664
8190
12510
18765
24090
15284
9883
13334
9486
11668
5851
18161
14672
10216
21106
13494
12007
14201
17016
20090
11079
12203
12383
10708
15569
12045
10285
8796
11337
14709
10844
13711
12118
17035
11492
19894
20398
8351
9397
16084
11103
21995
18074
19861
20512
19740
21181
9806
13152
12468
16967
15628
12735
24952
11363
12618
10104
19114
13069
13193
21840
18797
16148
8090
15550
17598
15512
9081
13391
16814
13818
11989
14067
14148
11688
12615
11597
12928
14794
9807
14899
12084
13592
15955
7321
15492
15669
17662
15811
20667
10539
9800
7963
15795
19283
16381
21530
7405
10273
8465
12773
14276
15655
17393
15437
16992
11257
18110
11736
7491
13104
14290
14666
17777
14149
11777
5627
14947
16416
16397
16520
8211
12918
16987
14132
12529
9649
11882
11609
12994
8504
19230
6374
12995
11709
9746
15538
13152
23481
12738
12654
9639
17478
15670
16496
11196
11470
15873
12155
18132
15382
15517
14852
20006
22093
8491
7946
17828
15267
8218
18552
11737
13298
13724
12562
15189
21620
17775
10476
11939
13985
14265
14154
20929
2454
19380
10306
2178
21158
16240
16890
18314
12235
16474
10704
13283
13302
10362
9858
21279
17837
26250
11647
13344
16315
12793
16508
12692
20142
9933
6951
9216
16235
12725
11709
10873
19153
10919
14699
17535
12920
11706
21519
13234
19348
19866
13615
17124
10633
11525
9192
9946
10587
14843
12333
9616
11212
13054
10115
20444
13354
13979
15992
15647
16874
9056
11315
18301
18825
15676
16470
18223
20203
16898
19779
15309
14786
12990
15764
10175
12697
14740
12063
11016
12777
8621
17857
11833
16294
16843
8405
22297
7753
12182
14138
13699
16893
13486
15623
19653
23254
18090
15084
14506
16064
12884
10936
14883
8498
17068
12102
19039
14289
13005
16301
14541
18002
18119
15803
17030
10653
17226
14286
15905
18545
17675
13618
15541
15790
13428
15181
12300
11503
12120
13387
10785
16780
11753
7437
11864
19534
9175
12529
17608
15800
10795
17046
10210
17912
17141
16459
12902
14128
12239
10049
18715
14806
13574
16994
12664
14543
14851
8815
12581
11954
17609
11155
11521
14030
13340
13917
15546
16008
7775
5432
20214
11136
15024
14161
13698
17787
7925
10103
14819
14790
13320
13751
16201
17162
17772
15381
16832
12982
14382
10240
6603
12047
11018
12091
12204
19516
16204
14799
9705
12086
16576
13558
11776
8782
12557
20475
12181
19842
9683
8782
3797
11194
21694
12395
10011
9949
7204
7097
14640
13590
19451
14650
7563
10597
22740
20245
19380
14392
14049
12036
11440
21819
11242
9430
17451
18490
11968
14305
14175
17275
6490
12953
17488
14013
17026
11436
9675
11145
13782
14275
10494
10528
10564
14627
10452
13425
17783
17244
15732
9865
3684
15668
19583
18124
16647
12330
9835
20388
10370
16535
4410
14044
12173
16884
12638
14956
8248
8825
12954
13252
19336
21489
6323
15793
10494
12419
19289
6918
15839
17737
10373
15595
13565
11343
21894
11867
18610
11946
11264
14918
15658
14307
11645
11090
15182
16033
14280
14900
11924
7969
18717
9207
10892
17850
14640
11660
14844
16785
7394
19595
17098
13641
10480
19925
9796
16049
9573
16173
14148
14972
11261
17256
8281
14928
13550
18375
9657
9936
18778
12038
14786
8771
10523
6848
11477
14248
19511
12681
14246
18842
14812
16290
11599
14413
13933
9198
12314
15538
12564
11099
8072
12354
13854
15836
18874
10893
18026
19708
10866
12091
13083
13839
13177
10934
12658
9049
19495
15385
12738
16854
18620
17615
15594
15471
12235
9621
10907
12916
17755
15554
14464
15786
17644
11979
8944
10285
12556
16559
12772
9216
18856
15723
17046
18352
11649
19809
9898
15459
15380
9397
10419
20932
13530
19532
11102
10960
9829
6588
20494
5561
8323
5871
13522
10825
9802
17060
10412
10555
15783
12508
9004
13221
15357
11198
8623
14748
4368
13597
19816
16256
16218
15246
16514
12320
12029
12572
11596
9421
20033
13954
10320
12853
20365
6365
14406
8540
15004
12800
10708
9603
5899
14125
8002
15979
6953
18738
16360
18910
12209
5962
15682
11090
23707
12938
11751
13647
14370
8997
17280
14863
10038
18288
14431
12035
10799
7237
12563
15328
11794
14793
7677
14259
14068
16134
17169
11098
16007
11239
15264
10613
24998
12175
13716
20182
9822
21528
15871
14731
12238
6310
8504
12458
16012
13625
15970
12520
12977
11007
19921
8512
9625
17341
16840
9318
12302
12668
7710
10196
19813
7994
16151
18462
5840
19508
9412
9497
5280
11870
9757
9639
15735
15154
21202
8228
5908
14055
13696
2377
21427
18133
9435
17709
11595
18602
19218
14864
11676
13448
15046
15067
9522
15673
12438
12544
19894
9955
9624
18925

